2023-02-19 16:13:51.915 [info] Validating found git in: git
2023-02-19 16:13:51.916 [info] Using git 2.39.2 from git
2023-02-19 16:13:55.492 [info] > git rev-parse --show-toplevel [23ms]
2023-02-19 16:13:55.497 [info] > git rev-parse --git-dir --git-common-dir [0ms]
2023-02-19 16:13:55.505 [info] Log level: Info
2023-02-19 16:13:55.505 [info] Open repository: /home/rushvith/polybar-collection
2023-02-19 16:13:55.522 [info] > git remote --verbose [10ms]
2023-02-19 16:13:55.522 [info] > git for-each-ref --sort -committerdate --format %(refname) %(objectname) %(*objectname) [13ms]
2023-02-19 16:13:55.525 [info] > git config --get commit.template [3ms]
2023-02-19 16:13:55.530 [info] > git status -z -uall [14ms]
2023-02-19 16:13:55.533 [info] > git for-each-ref --format=%(refname)%00%(upstream:short)%00%(objectname)%00%(upstream:track)%00%(upstream:remotename)%00%(upstream:remoteref) refs/heads/master refs/remotes/master [3ms]
2023-02-19 16:13:55.551 [info] > git remote --verbose [8ms]
2023-02-19 16:13:55.551 [info] > git for-each-ref --sort -committerdate --format %(refname) %(objectname) %(*objectname) [10ms]
2023-02-19 16:13:55.551 [info] > git config --get commit.template [1ms]
2023-02-19 16:13:55.555 [info] > git status -z -uall [10ms]
2023-02-19 16:13:55.558 [info] > git for-each-ref --format=%(refname)%00%(upstream:short)%00%(objectname)%00%(upstream:track)%00%(upstream:remotename)%00%(upstream:remoteref) refs/heads/master refs/remotes/master [4ms]
2023-02-19 16:13:55.851 [info] > git show --textconv :themes/lofi/colors.ini [6ms]
2023-02-19 16:13:55.852 [info] > git ls-files --stage -- /home/rushvith/polybar-collection/themes/lofi/colors.ini [1ms]
2023-02-19 16:13:55.856 [info] > git cat-file -s e349027c453027fa97fff99f2bc23ea89620cf03 [1ms]
2023-02-19 16:13:56.035 [info] > git check-ignore -v -z --stdin [2ms]
2023-02-19 16:14:09.146 [info] Validating found git in: git
2023-02-19 16:14:09.146 [info] Using git 2.39.2 from git
2023-02-19 16:14:09.146 [info] > git rev-parse --show-toplevel [2ms]
2023-02-19 16:14:09.146 [info] > git rev-parse --git-dir --git-common-dir [1ms]
2023-02-19 16:14:09.146 [info] Log level: Info
2023-02-19 16:14:09.146 [info] Open repository: /home/rushvith/polybar-collection
2023-02-19 16:14:09.150 [info] > git status -z -uall [9ms]
2023-02-19 16:14:09.151 [info] > git remote --verbose [12ms]
2023-02-19 16:14:09.151 [info] > git for-each-ref --sort -committerdate --format %(refname) %(objectname) %(*objectname) [15ms]
2023-02-19 16:14:09.152 [info] > git config --get commit.template [2ms]
2023-02-19 16:14:09.153 [info] > git rev-parse --show-toplevel [9ms]
2023-02-19 16:14:09.158 [info] > git for-each-ref --format=%(refname)%00%(upstream:short)%00%(objectname)%00%(upstream:track)%00%(upstream:remotename)%00%(upstream:remoteref) refs/heads/master refs/remotes/master [0ms]
2023-02-19 16:14:09.181 [info] > git remote --verbose [8ms]
2023-02-19 16:14:09.181 [info] > git for-each-ref --sort -committerdate --format %(refname) %(objectname) %(*objectname) [12ms]
2023-02-19 16:14:09.181 [info] > git status -z -uall [6ms]
2023-02-19 16:14:09.181 [info] > git config --get commit.template [1ms]
2023-02-19 16:14:09.186 [info] > git for-each-ref --format=%(refname)%00%(upstream:short)%00%(objectname)%00%(upstream:track)%00%(upstream:remotename)%00%(upstream:remoteref) refs/heads/master refs/remotes/master [1ms]
2023-02-19 16:14:09.655 [info] > git check-ignore -v -z --stdin [2ms]
2023-02-19 16:14:11.178 [info] > git check-ignore -v -z --stdin [1ms]
2023-02-19 16:14:11.854 [info] > git check-ignore -v -z --stdin [1ms]
2023-02-19 16:14:19.027 [info] Validating found git in: git
2023-02-19 16:14:19.027 [info] Using git 2.39.2 from git
2023-02-19 16:14:19.027 [info] > git rev-parse --show-toplevel [3ms]
2023-02-19 16:14:19.027 [info] > git rev-parse --git-dir --git-common-dir [7ms]
2023-02-19 16:14:19.032 [info] Log level: Info
2023-02-19 16:14:19.032 [info] Open repository: /home/rushvith/polybar-collection
2023-02-19 16:14:19.056 [info] > git status -z -uall [14ms]
2023-02-19 16:14:19.057 [info] > git rev-parse --show-toplevel [12ms]
2023-02-19 16:14:19.061 [info] > git remote --verbose [22ms]
2023-02-19 16:14:19.062 [info] > git for-each-ref --sort -committerdate --format %(refname) %(objectname) %(*objectname) [26ms]
2023-02-19 16:14:19.065 [info] > git rev-parse --show-toplevel [4ms]
2023-02-19 16:14:19.066 [info] > git config --get commit.template [15ms]
2023-02-19 16:14:19.073 [info] > git for-each-ref --format=%(refname)%00%(upstream:short)%00%(objectname)%00%(upstream:track)%00%(upstream:remotename)%00%(upstream:remoteref) refs/heads/master refs/remotes/master [1ms]
2023-02-19 16:14:19.090 [info] > git remote --verbose [5ms]
2023-02-19 16:14:19.090 [info] > git for-each-ref --sort -committerdate --format %(refname) %(objectname) %(*objectname) [9ms]
2023-02-19 16:14:19.090 [info] > git config --get commit.template [1ms]
2023-02-19 16:14:19.094 [info] > git status -z -uall [7ms]
2023-02-19 16:14:19.096 [info] > git for-each-ref --format=%(refname)%00%(upstream:short)%00%(objectname)%00%(upstream:track)%00%(upstream:remotename)%00%(upstream:remoteref) refs/heads/master refs/remotes/master [3ms]
2023-02-19 16:14:19.575 [info] > git check-ignore -v -z --stdin [2ms]
2023-02-19 16:14:21.018 [info] > git check-ignore -v -z --stdin [1ms]
2023-02-19 16:14:50.129 [info] > git remote --verbose [6ms]
2023-02-19 16:14:50.129 [info] > git for-each-ref --sort -committerdate --format %(refname) %(objectname) %(*objectname) [11ms]
2023-02-19 16:14:50.130 [info] > git config --get commit.template [2ms]
2023-02-19 16:14:50.130 [info] > git status -z -uall [6ms]
2023-02-19 16:14:50.135 [info] > git for-each-ref --format=%(refname)%00%(upstream:short)%00%(objectname)%00%(upstream:track)%00%(upstream:remotename)%00%(upstream:remoteref) refs/heads/master refs/remotes/master [1ms]
