2023-02-19 16:51:26.371 [info] Validating found git in: git
2023-02-19 16:51:26.371 [info] Using git 2.39.2 from git
2023-02-19 16:51:26.371 [info] > git rev-parse --show-toplevel [3ms]
2023-02-19 16:51:26.371 [info] fatal: not a git repository (or any of the parent directories): .git
2023-02-19 16:51:26.371 [info] > git rev-parse --show-toplevel [0ms]
2023-02-19 16:51:26.371 [info] fatal: not a git repository (or any of the parent directories): .git
2023-02-19 16:51:26.372 [info] > git rev-parse --show-toplevel [1ms]
2023-02-19 16:51:26.372 [info] fatal: not a git repository (or any of the parent directories): .git
2023-02-19 16:51:26.372 [info] > git rev-parse --show-toplevel [1ms]
2023-02-19 16:51:26.372 [info] fatal: not a git repository (or any of the parent directories): .git
2023-02-19 16:51:26.372 [info] > git rev-parse --show-toplevel [11ms]
2023-02-19 16:51:26.372 [info] fatal: not a git repository (or any of the parent directories): .git
2023-02-19 16:51:26.510 [info] > git rev-parse --show-toplevel [1ms]
2023-02-19 16:51:26.510 [info] fatal: not a git repository (or any of the parent directories): .git
2023-02-19 16:51:31.627 [info] > git rev-parse --show-toplevel [1ms]
2023-02-19 16:51:31.627 [info] fatal: not a git repository (or any of the parent directories): .git
2023-02-19 16:51:40.727 [info] > git rev-parse --show-toplevel [1ms]
2023-02-19 16:51:40.727 [info] fatal: not a git repository (or any of the parent directories): .git
2023-02-19 16:52:57.515 [info] Validating found git in: git
2023-02-19 16:52:57.515 [info] Using git 2.39.2 from git
2023-02-19 16:52:57.515 [info] > git rev-parse --show-toplevel [2ms]
2023-02-19 16:52:57.515 [info] > git rev-parse --git-dir --git-common-dir [1ms]
2023-02-19 16:52:57.515 [info] Log level: Info
2023-02-19 16:52:57.515 [info] Open repository: /home/rushvith/bspwm-config
2023-02-19 16:52:57.516 [info] > git status -z -uall [10ms]
2023-02-19 16:52:57.516 [info] > git rev-parse --show-toplevel [7ms]
2023-02-19 16:52:57.520 [info] > git remote --verbose [19ms]
2023-02-19 16:52:57.521 [info] > git for-each-ref --sort -committerdate --format %(refname) %(objectname) %(*objectname) [22ms]
2023-02-19 16:52:57.522 [info] > git rev-parse --show-toplevel [3ms]
2023-02-19 16:52:57.525 [info] > git config --get commit.template [12ms]
2023-02-19 16:52:57.526 [info] > git rev-parse --show-toplevel [2ms]
2023-02-19 16:52:57.529 [info] > git for-each-ref --format=%(refname)%00%(upstream:short)%00%(objectname)%00%(upstream:track)%00%(upstream:remotename)%00%(upstream:remoteref) refs/heads/main refs/remotes/main [1ms]
2023-02-19 16:52:57.545 [info] > git status -z -uall [3ms]
2023-02-19 16:52:57.545 [info] > git remote --verbose [5ms]
2023-02-19 16:52:57.545 [info] > git for-each-ref --sort -committerdate --format %(refname) %(objectname) %(*objectname) [7ms]
2023-02-19 16:52:57.545 [info] > git config --get commit.template [1ms]
2023-02-19 16:52:57.550 [info] > git for-each-ref --format=%(refname)%00%(upstream:short)%00%(objectname)%00%(upstream:track)%00%(upstream:remotename)%00%(upstream:remoteref) refs/heads/main refs/remotes/main [1ms]
2023-02-19 16:52:58.024 [info] > git check-ignore -v -z --stdin [1ms]
2023-02-19 16:53:11.674 [info] > git check-ignore -v -z --stdin [2ms]
2023-02-19 16:53:21.504 [info] > git check-ignore -v -z --stdin [2ms]
