2023-02-19 16:39:42.760 [info] Extension host with pid 71927 started
2023-02-19 16:39:42.796 [info] ExtensionService#_doActivateExtension vscode.git-base, startup: true, activationEvent: '*', root cause: vscode.git
2023-02-19 16:39:42.803 [info] ExtensionService#_doActivateExtension vscode.git, startup: true, activationEvent: '*'
2023-02-19 16:39:42.803 [info] ExtensionService#_doActivateExtension vscode.github, startup: true, activationEvent: '*'
2023-02-19 16:39:42.837 [info] Eager extensions activated
2023-02-19 16:39:42.848 [info] ExtensionService#_doActivateExtension vscode.debug-auto-launch, startup: false, activationEvent: 'onStartupFinished'
2023-02-19 16:39:42.848 [info] ExtensionService#_doActivateExtension vscode.emmet, startup: false, activationEvent: 'onStartupFinished'
2023-02-19 16:39:42.849 [info] ExtensionService#_doActivateExtension vscode.merge-conflict, startup: false, activationEvent: 'onStartupFinished'
2023-02-19 16:40:04.491 [info] Extension host terminating: received terminate message from renderer
2023-02-19 16:40:04.496 [info] Extension host with pid 71927 exiting with code 0
2023-02-19 16:40:05.262 [info] Extension host with pid 72016 started
2023-02-19 16:40:05.262 [info] Skipping acquiring lock for /home/rushvith/.config/Code - OSS/User/workspaceStorage/b3e645990d630d8394a186871507c925.
2023-02-19 16:40:05.296 [info] ExtensionService#_doActivateExtension vscode.git-base, startup: true, activationEvent: '*'
2023-02-19 16:40:05.303 [info] ExtensionService#_doActivateExtension vscode.github, startup: true, activationEvent: '*'
2023-02-19 16:40:05.323 [info] Eager extensions activated
2023-02-19 16:40:05.324 [info] ExtensionService#_doActivateExtension vscode.debug-auto-launch, startup: false, activationEvent: 'onStartupFinished'
2023-02-19 16:40:05.324 [info] ExtensionService#_doActivateExtension vscode.emmet, startup: false, activationEvent: 'onStartupFinished'
2023-02-19 16:40:05.324 [info] ExtensionService#_doActivateExtension vscode.merge-conflict, startup: false, activationEvent: 'onStartupFinished'
2023-02-19 16:40:07.507 [info] ExtensionService#_doActivateExtension vscode.git, startup: false, activationEvent: 'api', root cause: vscode.github
2023-02-19 16:41:32.863 [info] Extension host terminating: received terminate message from renderer
2023-02-19 16:41:32.871 [info] Extension host with pid 72016 exiting with code 0
