2023-02-19 16:51:26.204 [info] Extension host with pid 73578 started
2023-02-19 16:51:26.204 [info] Skipping acquiring lock for /home/rushvith/.config/Code - OSS/User/workspaceStorage/b3e645990d630d8394a186871507c925.
2023-02-19 16:51:26.263 [info] ExtensionService#_doActivateExtension vscode.git-base, startup: true, activationEvent: '*', root cause: vscode.git
2023-02-19 16:51:26.276 [info] ExtensionService#_doActivateExtension vscode.git, startup: true, activationEvent: '*'
2023-02-19 16:51:26.276 [info] ExtensionService#_doActivateExtension vscode.github, startup: true, activationEvent: '*'
2023-02-19 16:51:26.319 [info] Eager extensions activated
2023-02-19 16:51:26.351 [info] ExtensionService#_doActivateExtension vscode.debug-auto-launch, startup: false, activationEvent: 'onStartupFinished'
2023-02-19 16:51:26.351 [info] ExtensionService#_doActivateExtension vscode.emmet, startup: false, activationEvent: 'onStartupFinished'
2023-02-19 16:51:26.352 [info] ExtensionService#_doActivateExtension vscode.merge-conflict, startup: false, activationEvent: 'onStartupFinished'
2023-02-19 16:52:53.503 [info] Extension host terminating: received terminate message from renderer
2023-02-19 16:52:53.506 [info] Extension host with pid 73578 exiting with code 0
2023-02-19 16:52:54.627 [info] Extension host with pid 73864 started
2023-02-19 16:52:54.627 [info] Skipping acquiring lock for /home/rushvith/.config/Code - OSS/User/workspaceStorage/5a0222070d4207c427917d237e3995cf.
2023-02-19 16:52:54.707 [info] ExtensionService#_doActivateExtension vscode.git-base, startup: true, activationEvent: '*'
2023-02-19 16:52:54.762 [info] ExtensionService#_doActivateExtension vscode.github, startup: true, activationEvent: '*'
2023-02-19 16:52:54.766 [info] Eager extensions activated
2023-02-19 16:52:54.769 [info] ExtensionService#_doActivateExtension vscode.debug-auto-launch, startup: false, activationEvent: 'onStartupFinished'
2023-02-19 16:52:54.769 [info] ExtensionService#_doActivateExtension vscode.emmet, startup: false, activationEvent: 'onStartupFinished'
2023-02-19 16:52:54.769 [info] ExtensionService#_doActivateExtension vscode.merge-conflict, startup: false, activationEvent: 'onStartupFinished'
2023-02-19 16:52:57.459 [info] ExtensionService#_doActivateExtension vscode.git, startup: false, activationEvent: 'api', root cause: vscode.github
2023-02-19 16:52:57.533 [warning] [Decorations] CAPPING events from decorations provider vscode.git 309
2023-02-19 16:52:57.551 [warning] [Decorations] CAPPING events from decorations provider vscode.git 309
2023-02-19 16:53:24.508 [info] ExtensionService#_doActivateExtension vscode.configuration-editing, startup: false, activationEvent: 'onLanguage:jsonc'
2023-02-19 16:53:24.509 [info] ExtensionService#_doActivateExtension vscode.json-language-features, startup: false, activationEvent: 'onLanguage:jsonc'
2023-02-19 16:53:24.509 [info] ExtensionService#_doActivateExtension vscode.typescript-language-features, startup: false, activationEvent: 'onLanguage:jsonc'
