2023-02-19 16:13:46.322 [info] Extension host with pid 65956 started
2023-02-19 16:13:46.388 [info] ExtensionService#_doActivateExtension vscode.git-base, startup: true, activationEvent: '*'
2023-02-19 16:13:46.396 [info] ExtensionService#_doActivateExtension vscode.github, startup: true, activationEvent: '*'
2023-02-19 16:13:46.403 [info] Eager extensions activated
2023-02-19 16:13:46.404 [info] ExtensionService#_doActivateExtension vscode.debug-auto-launch, startup: false, activationEvent: 'onStartupFinished'
2023-02-19 16:13:46.405 [info] ExtensionService#_doActivateExtension vscode.emmet, startup: false, activationEvent: 'onStartupFinished'
2023-02-19 16:13:46.405 [info] ExtensionService#_doActivateExtension vscode.merge-conflict, startup: false, activationEvent: 'onStartupFinished'
2023-02-19 16:13:51.887 [info] ExtensionService#_doActivateExtension vscode.git, startup: false, activationEvent: 'api', root cause: vscode.github
2023-02-19 16:14:03.202 [info] Extension host terminating: received terminate message from renderer
2023-02-19 16:14:03.206 [info] Extension host with pid 65956 exiting with code 0
2023-02-19 16:14:04.351 [info] Extension host with pid 66061 started
2023-02-19 16:14:04.351 [info] Skipping acquiring lock for /home/rushvith/.config/Code - OSS/User/workspaceStorage/e73d1d4cb9a1c0c176bf5574834cfb01.
2023-02-19 16:14:04.456 [info] ExtensionService#_doActivateExtension vscode.git-base, startup: true, activationEvent: '*'
2023-02-19 16:14:04.521 [info] ExtensionService#_doActivateExtension vscode.github, startup: true, activationEvent: '*'
2023-02-19 16:14:04.527 [info] Eager extensions activated
2023-02-19 16:14:04.530 [info] ExtensionService#_doActivateExtension vscode.debug-auto-launch, startup: false, activationEvent: 'onStartupFinished'
2023-02-19 16:14:04.531 [info] ExtensionService#_doActivateExtension vscode.emmet, startup: false, activationEvent: 'onStartupFinished'
2023-02-19 16:14:04.531 [info] ExtensionService#_doActivateExtension vscode.merge-conflict, startup: false, activationEvent: 'onStartupFinished'
2023-02-19 16:14:09.093 [info] ExtensionService#_doActivateExtension vscode.git, startup: false, activationEvent: 'api', root cause: vscode.github
2023-02-19 16:14:18.175 [info] Extension host terminating: received terminate message from renderer
2023-02-19 16:14:18.181 [info] Extension host with pid 66061 exiting with code 0
2023-02-19 16:14:18.951 [info] Extension host with pid 66131 started
2023-02-19 16:14:18.951 [info] Skipping acquiring lock for /home/rushvith/.config/Code - OSS/User/workspaceStorage/47499598ee7f75f68a588e0c697572ee.
2023-02-19 16:14:18.981 [info] ExtensionService#_doActivateExtension vscode.git-base, startup: true, activationEvent: '*', root cause: vscode.git
2023-02-19 16:14:18.987 [info] ExtensionService#_doActivateExtension vscode.git, startup: true, activationEvent: '*'
2023-02-19 16:14:18.987 [info] ExtensionService#_doActivateExtension vscode.github, startup: true, activationEvent: '*'
2023-02-19 16:14:19.014 [info] Eager extensions activated
2023-02-19 16:14:19.022 [info] ExtensionService#_doActivateExtension vscode.debug-auto-launch, startup: false, activationEvent: 'onStartupFinished'
2023-02-19 16:14:19.022 [info] ExtensionService#_doActivateExtension vscode.emmet, startup: false, activationEvent: 'onStartupFinished'
2023-02-19 16:14:19.022 [info] ExtensionService#_doActivateExtension vscode.merge-conflict, startup: false, activationEvent: 'onStartupFinished'
2023-02-19 16:15:06.466 [info] Extension host terminating: received terminate message from renderer
2023-02-19 16:15:06.472 [info] Extension host with pid 66131 exiting with code 0
